<?xml version="1.0" encoding="UTF-8" standalone="no"?>
<!DOCTYPE log SYSTEM "logger.dtd">
<log>
<record>
  <date>2022-10-25T09:37:34.532-0300</date>
  <logger>JONATAS TAVARES DOS SANTOS</logger>
  <level>FINE</level>
  <message>File 121110769-JONATAS TAVARES DOS SANTOS.zip was received. It was sent by JONATAS TAVARES DOS SANTOS from IP 150.165.42.183 at 25-10-2022 09*37*34</message>
</record>
</log>
<?xml version="1.0" encoding="UTF-8" standalone="no"?>
<!DOCTYPE log SYSTEM "logger.dtd">
<log>
<record>
  <date>2022-10-28T18:36:50.353-0300</date>
  <logger>JONATAS TAVARES DOS SANTOS</logger>
  <level>FINE</level>
  <message>File 121110769-JONATAS TAVARES DOS SANTOS.zip was received. It was sent by JONATAS TAVARES DOS SANTOS from IP 192.168.56.1 at 28-10-2022 18*36*50</message>
</record>
</log>
<?xml version="1.0" encoding="UTF-8" standalone="no"?>
<!DOCTYPE log SYSTEM "logger.dtd">
<log>
<record>
  <date>2022-10-31T22:12:04.258-0300</date>
  <logger>JONATAS TAVARES DOS SANTOS</logger>
  <level>FINE</level>
  <message>File 121110769-JONATAS TAVARES DOS SANTOS.zip was received. It was sent by JONATAS TAVARES DOS SANTOS from IP 192.168.56.1 at 31-10-2022 22*12*04</message>
</record>
</log>
<?xml version="1.0" encoding="UTF-8" standalone="no"?>
<!DOCTYPE log SYSTEM "logger.dtd">
<log>
<record>
  <date>2022-11-03T10:46:22.316-0300</date>
  <logger>JONATAS TAVARES DOS SANTOS</logger>
  <level>FINE</level>
  <message>File 121110769-JONATAS TAVARES DOS SANTOS.zip was received. It was sent by JONATAS TAVARES DOS SANTOS from IP 150.165.42.183 at 03-11-2022 10*46*22</message>
</record>
