<?xml version="1.0" encoding="UTF-8" standalone="no"?>
<!DOCTYPE log SYSTEM "logger.dtd">
<log>
<record>
  <date>2022-11-10T11:58:55.039-0300</date>
  <logger>JONATAS TAVARES DOS SANTOS</logger>
  <level>FINE</level>
  <message>File 121110769-JONATAS TAVARES DOS SANTOS.zip was received. It was sent by JONATAS TAVARES DOS SANTOS from IP 150.165.42.183 at 10-11-2022 11*58*55</message>
</record>
</log>
<?xml version="1.0" encoding="UTF-8" standalone="no"?>
<!DOCTYPE log SYSTEM "logger.dtd">
<log>
<record>
  <date>2022-11-12T20:49:46.809-0300</date>
  <logger>JONATAS TAVARES DOS SANTOS</logger>
  <level>FINE</level>
  <message>File 121110769-JONATAS TAVARES DOS SANTOS.zip was received. It was sent by JONATAS TAVARES DOS SANTOS from IP 192.168.56.1 at 12-11-2022 20*49*46</message>
</record>
</log>
<?xml version="1.0" encoding="UTF-8" standalone="no"?>
<!DOCTYPE log SYSTEM "logger.dtd">
<log>
<record>
  <date>2022-11-16T17:20:19.024-0300</date>
  <logger>JONATAS TAVARES DOS SANTOS</logger>
  <level>FINE</level>
  <message>File 121110769-JONATAS TAVARES DOS SANTOS.zip was received. It was sent by JONATAS TAVARES DOS SANTOS from IP 150.165.74.104 at 16-11-2022 17*20*19</message>
</record>
</log>
<?xml version="1.0" encoding="UTF-8" standalone="no"?>
<!DOCTYPE log SYSTEM "logger.dtd">
<log>
<record>
  <date>2022-11-16T22:11:56.194-0300</date>
  <logger>JONATAS TAVARES DOS SANTOS</logger>
  <level>FINE</level>
  <message>File 121110769-JONATAS TAVARES DOS SANTOS.zip was received. It was sent by JONATAS TAVARES DOS SANTOS from IP 192.168.1.104 at 16-11-2022 22*09*09</message>
</record>
</log>
<?xml version="1.0" encoding="UTF-8" standalone="no"?>
<!DOCTYPE log SYSTEM "logger.dtd">
<log>
<record>
  <date>2022-11-16T22:11:56.201-0300</date>
  <logger>JONATAS TAVARES DOS SANTOS</logger>
  <level>FINE</level>
  <message>File 121110769-JONATAS TAVARES DOS SANTOS.zip was received. It was sent by JONATAS TAVARES DOS SANTOS from IP 192.168.1.104 at 16-11-2022 22*10*32</message>
</record>
</log>
<?xml version="1.0" encoding="UTF-8" standalone="no"?>
<!DOCTYPE log SYSTEM "logger.dtd">
<log>
<record>
  <date>2022-11-16T22:17:06.167-0300</date>
  <logger>JONATAS TAVARES DOS SANTOS</logger>
  <level>FINE</level>
  <message>File 121110769-JONATAS TAVARES DOS SANTOS.zip was received. It was sent by JONATAS TAVARES DOS SANTOS from IP 192.168.1.104 at 16-11-2022 22*16*57</message>
</record>
</log>
<?xml version="1.0" encoding="UTF-8" standalone="no"?>
<!DOCTYPE log SYSTEM "logger.dtd">
<log>
<record>
  <date>2022-11-16T22:24:26.787-0300</date>
  <logger>JONATAS TAVARES DOS SANTOS</logger>
  <level>FINE</level>
  <message>File 121110769-JONATAS TAVARES DOS SANTOS.zip was received. It was sent by JONATAS TAVARES DOS SANTOS from IP 192.168.1.104 at 16-11-2022 22*19*47</message>
</record>
</log>
<?xml version="1.0" encoding="UTF-8" standalone="no"?>
<!DOCTYPE log SYSTEM "logger.dtd">
<log>
<record>
  <date>2022-11-16T22:25:17.887-0300</date>
  <logger>JONATAS TAVARES DOS SANTOS</logger>
  <level>FINE</level>
  <message>File 121110769-JONATAS TAVARES DOS SANTOS.zip was received. It was sent by JONATAS TAVARES DOS SANTOS from IP 192.168.1.104 at 16-11-2022 22*25*17</message>
</record>
