<?xml version="1.0" encoding="UTF-8" standalone="no"?>
<!DOCTYPE log SYSTEM "logger.dtd">
<log>
<record>
  <date>2022-11-27T23:11:31.913-0300</date>
  <logger>JONATAS TAVARES DOS SANTOS</logger>
  <level>FINE</level>
  <message>File 121110769-JONATAS TAVARES DOS SANTOS.zip was received. It was sent by JONATAS TAVARES DOS SANTOS from IP 192.168.1.105 at 27-11-2022 23*11*31</message>
</record>
</log>
<?xml version="1.0" encoding="UTF-8" standalone="no"?>
<!DOCTYPE log SYSTEM "logger.dtd">
<log>
<record>
  <date>2022-11-28T20:22:50.133-0300</date>
  <logger>JONATAS TAVARES DOS SANTOS</logger>
  <level>FINE</level>
  <message>File 121110769-JONATAS TAVARES DOS SANTOS.zip was received. It was sent by JONATAS TAVARES DOS SANTOS from IP 192.168.1.105 at 28-11-2022 20*22*49</message>
</record>
</log>
<?xml version="1.0" encoding="UTF-8" standalone="no"?>
<!DOCTYPE log SYSTEM "logger.dtd">
<log>
<record>
  <date>2022-11-28T21:19:38.421-0300</date>
  <logger>JONATAS TAVARES DOS SANTOS</logger>
  <level>FINE</level>
  <message>File 121110769-JONATAS TAVARES DOS SANTOS.zip was received. It was sent by JONATAS TAVARES DOS SANTOS from IP 192.168.1.105 at 28-11-2022 21*19*38</message>
</record>
