<?xml version="1.0" encoding="UTF-8" standalone="no"?>
<!DOCTYPE log SYSTEM "logger.dtd">
<log>
<record>
  <date>2022-10-18T09:59:46.597-0300</date>
  <logger>JONATAS TAVARES DOS SANTOS</logger>
  <level>FINE</level>
  <message>File 121110769-JONATAS TAVARES DOS SANTOS.zip was received. It was sent by JONATAS TAVARES DOS SANTOS from IP 150.165.42.186 at 18-10-2022 09*59*46</message>
</record>
</log>
<?xml version="1.0" encoding="UTF-8" standalone="no"?>
<!DOCTYPE log SYSTEM "logger.dtd">
<log>
<record>
  <date>2022-10-20T11:54:29.580-0300</date>
  <logger>JONATAS TAVARES DOS SANTOS</logger>
  <level>FINE</level>
  <message>File 121110769-JONATAS TAVARES DOS SANTOS.zip was received. It was sent by JONATAS TAVARES DOS SANTOS from IP 150.165.42.183 at 20-10-2022 11*54*29</message>
</record>
</log>
<?xml version="1.0" encoding="UTF-8" standalone="no"?>
<!DOCTYPE log SYSTEM "logger.dtd">
<log>
<record>
  <date>2022-10-24T21:09:21.705-0300</date>
  <logger>JONATAS TAVARES DOS SANTOS</logger>
  <level>FINE</level>
  <message>File 121110769-JONATAS TAVARES DOS SANTOS.zip was received. It was sent by JONATAS TAVARES DOS SANTOS from IP 192.168.56.1 at 24-10-2022 21*09*21</message>
</record>
