<?xml version="1.0" encoding="UTF-8" standalone="no"?>
<!DOCTYPE log SYSTEM "logger.dtd">
<log>
<record>
  <date>2022-11-17T12:01:59.629-0300</date>
  <logger>JONATAS TAVARES DOS SANTOS</logger>
  <level>FINE</level>
  <message>File 121110769-JONATAS TAVARES DOS SANTOS.zip was received. It was sent by JONATAS TAVARES DOS SANTOS from IP 150.165.42.183 at 17-11-2022 12*01*59</message>
</record>
</log>
<?xml version="1.0" encoding="UTF-8" standalone="no"?>
<!DOCTYPE log SYSTEM "logger.dtd">
<log>
<record>
  <date>2022-11-22T10:02:01.193-0300</date>
  <logger>JONATAS TAVARES DOS SANTOS</logger>
  <level>FINE</level>
  <message>File 121110769-JONATAS TAVARES DOS SANTOS.zip was received. It was sent by JONATAS TAVARES DOS SANTOS from IP 150.165.42.183 at 22-11-2022 10*02*01</message>
</record>
</log>
<?xml version="1.0" encoding="UTF-8" standalone="no"?>
<!DOCTYPE log SYSTEM "logger.dtd">
<log>
<record>
  <date>2022-11-24T11:30:25.204-0300</date>
  <logger>JONATAS TAVARES DOS SANTOS</logger>
  <level>FINE</level>
  <message>File 121110769-JONATAS TAVARES DOS SANTOS.zip was received. It was sent by JONATAS TAVARES DOS SANTOS from IP 150.165.42.183 at 24-11-2022 11*30*25</message>
</record>
